<?xml version="1.0" encoding="UTF-8"?>
<!-- Generated by org.testng.reporters.JUnitReportReporter -->
<testsuite skipped="0" hostname="Admin-PC" name="TESTNG.ExcutedOnlyFailedTC" tests="3" failures="0" timestamp="2020-12-08T19:27:18 IST" time="0.019" errors="0">
  <testcase name="TC3" time="0.001" classname="TESTNG.ExcutedOnlyFailedTC"/>
  <system-out>
Running TC3  </system-out>
  <testcase name="TC2" time="0.002" classname="TESTNG.ExcutedOnlyFailedTC"/>
  <system-out>
Running TC2  </system-out>
  <testcase name="TC1" time="0.016" classname="TESTNG.ExcutedOnlyFailedTC"/>
  <system-out>
Running TC1  </system-out>
</testsuite> <!-- TESTNG.ExcutedOnlyFailedTC -->
