<?xml version="1.0" encoding="UTF-8"?>
<!-- Generated by org.testng.reporters.JUnitReportReporter -->
<testsuite skipped="0" hostname="Admin-PC" name="TESTNG.sample2" tests="2" failures="0" timestamp="2020-12-02T17:51:01 IST" time="0.018" errors="0">
  <testcase name="TC5" time="0.016" classname="TESTNG.sample2"/>
  <system-out>
Running ...  </system-out>
  <testcase name="TC6" time="0.002" classname="TESTNG.sample2"/>
  <system-out>
Running TC6 ...  </system-out>
</testsuite> <!-- TESTNG.sample2 -->
