<?xml version="1.0" encoding="UTF-8"?>
<!-- Generated by org.testng.reporters.JUnitReportReporter -->
<testsuite skipped="0" hostname="Admin-PC" name="TESTNG.EmailableReport" tests="3" failures="0" timestamp="2020-12-02T17:30:04 IST" time="0.023" errors="0">
  <testcase name="TC1" time="0.018" classname="TESTNG.EmailableReport"/>
  <system-out>
Running TC1...  </system-out>
  <testcase name="TC2" time="0.001" classname="TESTNG.EmailableReport"/>
  <system-out>
Running.TC2..  </system-out>
  <testcase name="TC3" time="0.004" classname="TESTNG.EmailableReport"/>
  <system-out>
Running TC3...  </system-out>
</testsuite> <!-- TESTNG.EmailableReport -->
