<?xml version="1.0" encoding="UTF-8"?>
<!-- Generated by org.testng.reporters.JUnitReportReporter -->
<testsuite skipped="0" hostname="Admin-PC" name="pom_DDF_TestNG2.Demo" tests="1" failures="0" timestamp="2020-12-07T17:31:23 IST" time="0.033" errors="0">
  <testcase name="TC1" time="0.033" classname="pom_DDF_TestNG2.Demo"/>
  <system-out/>
</testsuite> <!-- pom_DDF_TestNG2.Demo -->
