<?xml version="1.0" encoding="UTF-8"?>
<!-- Generated by org.testng.reporters.JUnitReportReporter -->
<testsuite skipped="0" hostname="Admin-PC" name="TESTNG.sample" tests="2" failures="0" timestamp="2020-11-30T18:33:56 IST" time="0.010" errors="0">
  <testcase name="Tc2" time="0.003" classname="TESTNG.sample"/>
  <system-out/>
  <testcase name="Tc1" time="0.007" classname="TESTNG.sample"/>
  <system-out/>
</testsuite> <!-- TESTNG.sample -->
