<?xml version="1.0" encoding="UTF-8"?>
<!-- Generated by org.testng.reporters.JUnitReportReporter -->
<testsuite skipped="0" hostname="Admin-PC" name="POM_DDF_TESTNG.kite_Test1" tests="1" failures="0" timestamp="2020-12-08T19:12:45 IST" time="8.988" errors="0">
  <testcase name="verifyPN" time="8.988" classname="POM_DDF_TESTNG.kite_Test1"/>
  <system-out/>
</testsuite> <!-- POM_DDF_TESTNG.kite_Test1 -->
