<?xml version="1.0" encoding="UTF-8"?>
<!-- Generated by org.testng.reporters.JUnitReportReporter -->
<testsuite skipped="0" hostname="Admin-PC" name="sample2" tests="2" failures="0" timestamp="2020-12-02T17:38:55 IST" time="0.023" errors="0">
  <testcase name="TC3" time="0.017" classname="sample2"/>
  <system-out>
Running TC3  </system-out>
  <testcase name="Test4" time="0.006" classname="sample2"/>
  <system-out>
Running TC4  </system-out>
</testsuite> <!-- sample2 -->
