<?xml version="1.0" encoding="UTF-8"?>
<!-- Generated by org.testng.reporters.JUnitReportReporter -->
<testsuite skipped="0" hostname="Admin-PC" name="TESTNG.sample1" tests="2" failures="0" timestamp="2020-12-02T17:06:47 IST" time="0.023" errors="0">
  <testcase name="TC2" time="0.021" classname="TESTNG.sample1"/>
  <system-out>
Running TC2  </system-out>
  <testcase name="Test1" time="0.002" classname="TESTNG.sample1"/>
  <system-out>
Running TC1  </system-out>
</testsuite> <!-- TESTNG.sample1 -->
