<?xml version="1.0" encoding="UTF-8"?>
<!-- Generated by org.testng.reporters.JUnitReportReporter -->
<testsuite skipped="0" hostname="Admin-PC" name="TESTNG.group1" tests="4" failures="0" timestamp="2020-12-09T11:19:35 IST" time="0.028" errors="0">
  <testcase name="TC3" time="0.005" classname="TESTNG.group1"/>
  <system-out/>
  <testcase name="TC4" time="0.004" classname="TESTNG.group1"/>
  <system-out/>
  <testcase name="TC1" time="0.015" classname="TESTNG.group1"/>
  <system-out/>
  <testcase name="TC2" time="0.004" classname="TESTNG.group1"/>
  <system-out/>
</testsuite> <!-- TESTNG.group1 -->
